<?xml version="1.0" encoding="UTF-8"?>
<!-- Generated by org.testng.reporters.JUnitReportReporter -->
<testsuite hostname="LAPTOP-8FIL7R3D" failures="0" tests="2" name="TestScriptsPackage.TestCases" time="20.396" errors="0" timestamp="2023-03-29T07:49:41 IST" skipped="0">
  <testcase classname="TestScriptsPackage.TestCases" name="verifyChatBotWelcomeMessage" time="11.325"/>
  <system-out/>
  <testcase classname="TestScriptsPackage.TestCases" name="verifychatbotVisibleOnHomeScreen" time="9.071"/>
  <system-out/>
</testsuite> <!-- TestScriptsPackage.TestCases -->
